----------------------------------------------------------------
Sat Mar 24 14:54:11 CET 2018:
Booten von Derby-Version The Apache Software Foundation - Apache Derby - 10.10.2.0 - (1582446): Instanz a816c00e-0162-5849-bf97-00001277cc00
für Datenbankverzeichnis C:\Users\Axel\AppData\Local\Temp\gfembed3858941678494932499tmp\lib\databases\embedded_default mit Class Loader sun.misc.Launcher$AppClassLoader@4aa298b7
Geladen aus file:/C:/Users/Axel/.m2/repository/org/glassfish/main/extras/glassfish-embedded-all/4.1.1/glassfish-embedded-all-4.1.1.jar
java.vendor=Oracle Corporation
java.runtime.version=1.8.0_121-b13
user.dir=C:\Users\Axel\Documents\Geschäftlich\Hochschule\4. Semester\Webbasierte Datenbankanwendung\Sportanwendung
os.name=Windows 10
os.arch=amd64
os.version=10.0
derby.system.home=null
Datenbank-Class Loader wurde gestartet - derby.database.classpath=''
----------------------------------------------------------------
Sat Mar 24 14:55:46 CET 2018:
Booten von Derby-Version The Apache Software Foundation - Apache Derby - 10.10.2.0 - (1582446): Instanz b90cc0e3-0162-5849-bf97-00001277cc00
für Datenbankverzeichnis C:\Users\Axel\AppData\Local\Temp\gfembed5661434979853456800tmp\lib\databases\embedded_default mit Class Loader sun.misc.Launcher$AppClassLoader@4aa298b7
Geladen aus file:/C:/Users/Axel/.m2/repository/org/glassfish/main/extras/glassfish-embedded-all/4.1.1/glassfish-embedded-all-4.1.1.jar
java.vendor=Oracle Corporation
java.runtime.version=1.8.0_121-b13
user.dir=C:\Users\Axel\Documents\Geschäftlich\Hochschule\4. Semester\Webbasierte Datenbankanwendung\Sportanwendung
os.name=Windows 10
os.arch=amd64
os.version=10.0
derby.system.home=null
Datenbank-Class Loader wurde gestartet - derby.database.classpath=''
